<?xml version="1.0" encoding="UTF-8"?>
<!-- Generated by org.testng.reporters.JUnitReportReporter -->
<testsuite hostname="LAPTOP-QM0INOHA" failures="0" tests="1" name="pro.Final" time="19.627" errors="0" timestamp="2023-10-25T15:31:34 IST" skipped="0">
  <testcase classname="pro.Final" name="LoadPage" time="19.627"/>
  <system-out/>
</testsuite> <!-- pro.Final -->
